Build started 3/29/2017 4:30:09 PM.
     1>Project "D:\LabourCharge57F4\57F4\57F4\57F4.vcxproj" on node 2 (build target(s)).
     1>InitializeBuildStatus:
         Touching "Debug\57F4.unsuccessfulbuild".
       GenerateTargetFrameworkMonikerAttribute:
       Skipping target "GenerateTargetFrameworkMonikerAttribute" because all output files are up-to-date with respect to the input files.
       ClCompile:
         All outputs are up-to-date.
         All outputs are up-to-date.
         All outputs are up-to-date.
       CoreResGen:
         No resources are out of date with respect to their source files. Skipping resource generation.
       ResourceCompile:
         All outputs are up-to-date.
       Link:
         All outputs are up-to-date.
         57F4.vcxproj -> D:\LabourCharge57F4\57F4\Debug\57F4.exe
       MetaGen:
       Skipping target "MetaGen" because all output files are up-to-date with respect to the input files.
       FinalizeBuildStatus:
         Deleting file "Debug\57F4.unsuccessfulbuild".
         Touching "Debug\57F4.lastbuildstate".
     1>Done Building Project "D:\LabourCharge57F4\57F4\57F4\57F4.vcxproj" (build target(s)).

Build succeeded.

Time Elapsed 00:00:02.09
